This file contains any messages produced by compilers while
running configure, to aid debugging if configure makes a mistake.

It was created by configure, which was
generated by GNU Autoconf 2.60.  Invocation command line was

  $ ./configure 

## --------- ##
## Platform. ##
## --------- ##

hostname = nateTower
uname -m = i686
uname -r = 2.6.18-ARCH
uname -s = Linux
uname -v = #1 SMP PREEMPT Sat Oct 21 13:20:13 CEST 2006

/usr/bin/uname -p = unknown
/bin/uname -X     = unknown

/bin/arch              = i686
/usr/bin/arch -k       = unknown
/usr/convex/getsysinfo = unknown
/usr/bin/hostinfo      = unknown
/bin/machine           = unknown
/usr/bin/oslevel       = unknown
/bin/universe          = unknown

PATH: /bin
PATH: /usr/bin
PATH: /sbin
PATH: /usr/sbin
PATH: /usr/X11R6/bin
PATH: /opt/bin
PATH: /opt/gnome/bin
PATH: /opt/mozilla/bin
PATH: /opt/xfce4/bin


## ----------- ##
## Core tests. ##
## ----------- ##

configure:1717: checking for a BSD-compatible install
configure:1773: result: /bin/install -c
configure:1784: checking whether build environment is sane
configure:1827: result: yes
configure:1892: checking for gawk
configure:1908: found /bin/gawk
configure:1919: result: gawk
configure:1930: checking whether make sets $(MAKE)
configure:1951: result: yes
configure:2199: checking for g++
configure:2215: found /usr/bin/g++
configure:2226: result: g++
configure:2257: checking for C++ compiler version
configure:2264: g++ --version >&5
g++ (GCC) 4.1.1
Copyright (C) 2006 Free Software Foundation, Inc.
This is free software; see the source for copying conditions.  There is NO
warranty; not even for MERCHANTABILITY or FITNESS FOR A PARTICULAR PURPOSE.

configure:2267: $? = 0
configure:2274: g++ -v >&5
Using built-in specs.
Target: i686-pc-linux-gnu
Configured with: ../gcc-4.1.1/configure --prefix=/usr --enable-shared --enable-languages=c,c++,objc --enable-threads=posix --enable-__cxa_atexit --disable-multilib --libdir=/usr/lib --enable-clocale=gnu
Thread model: posix
gcc version 4.1.1
configure:2277: $? = 0
configure:2284: g++ -V >&5
g++: '-V' option must have argument
configure:2287: $? = 1
configure:2310: checking for C++ compiler default output file name
configure:2337: g++    conftest.cpp  >&5
configure:2340: $? = 0
configure:2386: result: a.out
configure:2391: checking whether the C++ compiler works
configure:2401: ./a.out
configure:2404: $? = 0
configure:2421: result: yes
configure:2428: checking whether we are cross compiling
configure:2430: result: no
configure:2433: checking for suffix of executables
configure:2440: g++ -o conftest    conftest.cpp  >&5
configure:2443: $? = 0
configure:2467: result: 
configure:2473: checking for suffix of object files
configure:2499: g++ -c   conftest.cpp >&5
configure:2502: $? = 0
configure:2525: result: o
configure:2529: checking whether we are using the GNU C++ compiler
configure:2558: g++ -c   conftest.cpp >&5
configure:2564: $? = 0
configure:2571: test -z "$ac_cxx_werror_flag" || test ! -s conftest.err
configure:2574: $? = 0
configure:2581: test -s conftest.o
configure:2584: $? = 0
configure:2598: result: yes
configure:2603: checking whether g++ accepts -g
configure:2633: g++ -c -g  conftest.cpp >&5
configure:2639: $? = 0
configure:2646: test -z "$ac_cxx_werror_flag" || test ! -s conftest.err
configure:2649: $? = 0
configure:2656: test -s conftest.o
configure:2659: $? = 0
configure:2789: result: yes
configure:2823: checking for style of include used by make
configure:2851: result: GNU
configure:2879: checking dependency style of g++
configure:2969: result: gcc3
configure:3034: checking for gcc
configure:3050: found /usr/bin/gcc
configure:3061: result: gcc
configure:3299: checking for C compiler version
configure:3306: gcc --version >&5
gcc (GCC) 4.1.1
Copyright (C) 2006 Free Software Foundation, Inc.
This is free software; see the source for copying conditions.  There is NO
warranty; not even for MERCHANTABILITY or FITNESS FOR A PARTICULAR PURPOSE.

configure:3309: $? = 0
configure:3316: gcc -v >&5
Using built-in specs.
Target: i686-pc-linux-gnu
Configured with: ../gcc-4.1.1/configure --prefix=/usr --enable-shared --enable-languages=c,c++,objc --enable-threads=posix --enable-__cxa_atexit --disable-multilib --libdir=/usr/lib --enable-clocale=gnu
Thread model: posix
gcc version 4.1.1
configure:3319: $? = 0
configure:3326: gcc -V >&5
gcc: '-V' option must have argument
configure:3329: $? = 1
configure:3332: checking whether we are using the GNU C compiler
configure:3361: gcc -c   conftest.c >&5
configure:3367: $? = 0
configure:3374: test -z "$ac_c_werror_flag" || test ! -s conftest.err
configure:3377: $? = 0
configure:3384: test -s conftest.o
configure:3387: $? = 0
configure:3401: result: yes
configure:3406: checking whether gcc accepts -g
configure:3436: gcc -c -g  conftest.c >&5
configure:3442: $? = 0
configure:3449: test -z "$ac_c_werror_flag" || test ! -s conftest.err
configure:3452: $? = 0
configure:3459: test -s conftest.o
configure:3462: $? = 0
configure:3592: result: yes
configure:3609: checking for gcc option to accept ISO C89
configure:3683: gcc  -c -g -O2  conftest.c >&5
configure:3689: $? = 0
configure:3696: test -z "$ac_c_werror_flag" || test ! -s conftest.err
configure:3699: $? = 0
configure:3706: test -s conftest.o
configure:3709: $? = 0
configure:3729: result: none needed
configure:3749: checking dependency style of gcc
configure:3839: result: gcc3
configure:3865: checking how to run the C preprocessor
configure:3905: gcc -E  conftest.c
configure:3911: $? = 0
configure:3949: gcc -E  conftest.c
conftest.c:10:28: error: ac_nonexistent.h: No such file or directory
configure:3955: $? = 1
configure: failed program was:
| /* confdefs.h.  */
| #define PACKAGE_NAME ""
| #define PACKAGE_TARNAME ""
| #define PACKAGE_VERSION ""
| #define PACKAGE_STRING ""
| #define PACKAGE_BUGREPORT ""
| #define PACKAGE "birdtoast"
| #define VERSION "0.0.1"
| /* end confdefs.h.  */
| #include <ac_nonexistent.h>
configure:3995: result: gcc -E
configure:4024: gcc -E  conftest.c
configure:4030: $? = 0
configure:4068: gcc -E  conftest.c
conftest.c:10:28: error: ac_nonexistent.h: No such file or directory
configure:4074: $? = 1
configure: failed program was:
| /* confdefs.h.  */
| #define PACKAGE_NAME ""
| #define PACKAGE_TARNAME ""
| #define PACKAGE_VERSION ""
| #define PACKAGE_STRING ""
| #define PACKAGE_BUGREPORT ""
| #define PACKAGE "birdtoast"
| #define VERSION "0.0.1"
| /* end confdefs.h.  */
| #include <ac_nonexistent.h>
configure:4119: checking for grep that handles long lines and -e
configure:4193: result: /bin/grep
configure:4198: checking for egrep
configure:4276: result: /bin/grep -E
configure:4281: checking for ANSI C header files
configure:4311: gcc -c -g -O2  conftest.c >&5
configure:4317: $? = 0
configure:4324: test -z "$ac_c_werror_flag" || test ! -s conftest.err
configure:4327: $? = 0
configure:4334: test -s conftest.o
configure:4337: $? = 0
configure:4433: gcc -o conftest -g -O2   conftest.c  >&5
configure:4436: $? = 0
configure:4442: ./conftest
configure:4445: $? = 0
configure:4462: result: yes
configure:4596: creating ./config.status

## ---------------------- ##
## Running config.status. ##
## ---------------------- ##

This file was extended by config.status, which was
generated by GNU Autoconf 2.60.  Invocation command line was

  CONFIG_FILES    = 
  CONFIG_HEADERS  = 
  CONFIG_LINKS    = 
  CONFIG_COMMANDS = 
  $ ./config.status 

on nateTower

config.status:627: creating Makefile
config.status:627: creating src/Makefile
config.status:627: creating config.h
config.status:884: executing depfiles commands

## ---------------- ##
## Cache variables. ##
## ---------------- ##

ac_cv_c_compiler_gnu=yes
ac_cv_cxx_compiler_gnu=yes
ac_cv_env_CCC_set=
ac_cv_env_CCC_value=
ac_cv_env_CC_set=
ac_cv_env_CC_value=
ac_cv_env_CFLAGS_set=
ac_cv_env_CFLAGS_value=
ac_cv_env_CPPFLAGS_set=
ac_cv_env_CPPFLAGS_value=
ac_cv_env_CPP_set=
ac_cv_env_CPP_value=
ac_cv_env_CXXFLAGS_set=
ac_cv_env_CXXFLAGS_value=
ac_cv_env_CXX_set=
ac_cv_env_CXX_value=
ac_cv_env_LDFLAGS_set=
ac_cv_env_LDFLAGS_value=
ac_cv_env_build_alias_set=
ac_cv_env_build_alias_value=
ac_cv_env_host_alias_set=
ac_cv_env_host_alias_value=
ac_cv_env_target_alias_set=
ac_cv_env_target_alias_value=
ac_cv_header_stdc=yes
ac_cv_objext=o
ac_cv_path_EGREP='/bin/grep -E'
ac_cv_path_GREP=/bin/grep
ac_cv_path_install='/bin/install -c'
ac_cv_prog_AWK=gawk
ac_cv_prog_CPP='gcc -E'
ac_cv_prog_ac_ct_CC=gcc
ac_cv_prog_ac_ct_CXX=g++
ac_cv_prog_cc_c89=
ac_cv_prog_cc_g=yes
ac_cv_prog_cxx_g=yes
ac_cv_prog_make_make_set=yes
am_cv_CC_dependencies_compiler_type=gcc3
am_cv_CXX_dependencies_compiler_type=gcc3
am_cv_prog_cc_stdc=

## ----------------- ##
## Output variables. ##
## ----------------- ##

ACLOCAL='${SHELL} /home/nate/Projects/birdtoast/missing --run aclocal-1.9'
AMDEPBACKSLASH='\'
AMDEP_FALSE='#'
AMDEP_TRUE=''
AMTAR='${SHELL} /home/nate/Projects/birdtoast/missing --run tar'
AUTOCONF='${SHELL} /home/nate/Projects/birdtoast/missing --run autoconf'
AUTOHEADER='${SHELL} /home/nate/Projects/birdtoast/missing --run autoheader'
AUTOMAKE='${SHELL} /home/nate/Projects/birdtoast/missing --run automake-1.9'
AWK='gawk'
CC='gcc'
CCDEPMODE='depmode=gcc3'
CFLAGS='-g -O2'
CPP='gcc -E'
CPPFLAGS=''
CXX='g++'
CXXDEPMODE='depmode=gcc3'
CXXFLAGS=''
CYGPATH_W='echo'
DEFS='-DHAVE_CONFIG_H'
DEPDIR='.deps'
ECHO_C=''
ECHO_N='-n'
ECHO_T=''
EGREP='/bin/grep -E'
EXEEXT=''
GREP='/bin/grep'
INSTALL_DATA='${INSTALL} -m 644'
INSTALL_PROGRAM='${INSTALL}'
INSTALL_SCRIPT='${INSTALL}'
INSTALL_STRIP_PROGRAM='${SHELL} $(install_sh) -c -s'
LDFLAGS=''
LIBOBJS=''
LIBS=''
LTLIBOBJS=''
MAKEINFO='${SHELL} /home/nate/Projects/birdtoast/missing --run makeinfo'
OBJEXT='o'
PACKAGE='birdtoast'
PACKAGE_BUGREPORT=''
PACKAGE_NAME=''
PACKAGE_STRING=''
PACKAGE_TARNAME=''
PACKAGE_VERSION=''
PATH_SEPARATOR=':'
SET_MAKE=''
SHELL='/bin/sh'
STRIP=''
VERSION='0.0.1'
ac_ct_CC='gcc'
ac_ct_CXX='g++'
am__fastdepCC_FALSE='#'
am__fastdepCC_TRUE=''
am__fastdepCXX_FALSE='#'
am__fastdepCXX_TRUE=''
am__include='include'
am__leading_dot='.'
am__quote=''
am__tar='${AMTAR} chof - "$$tardir"'
am__untar='${AMTAR} xf -'
bindir='${exec_prefix}/bin'
build_alias=''
datadir='${datarootdir}'
datarootdir='${prefix}/share'
docdir='${datarootdir}/doc/${PACKAGE}'
dvidir='${docdir}'
exec_prefix='${prefix}'
host_alias=''
htmldir='${docdir}'
includedir='${prefix}/include'
infodir='${datarootdir}/info'
install_sh='/home/nate/Projects/birdtoast/install-sh'
libdir='${exec_prefix}/lib'
libexecdir='${exec_prefix}/libexec'
localedir='${datarootdir}/locale'
localstatedir='${prefix}/var'
mandir='${datarootdir}/man'
mkdir_p='mkdir -p --'
oldincludedir='/usr/include'
pdfdir='${docdir}'
prefix='/usr'
program_transform_name='s,x,x,'
psdir='${docdir}'
sbindir='${exec_prefix}/sbin'
sharedstatedir='${prefix}/com'
sysconfdir='${prefix}/etc'
target_alias=''

## ----------- ##
## confdefs.h. ##
## ----------- ##

#define PACKAGE_NAME ""
#define PACKAGE_TARNAME ""
#define PACKAGE_VERSION ""
#define PACKAGE_STRING ""
#define PACKAGE_BUGREPORT ""
#define PACKAGE "birdtoast"
#define VERSION "0.0.1"
#define STDC_HEADERS 1

configure: exit 0
